[2022-04-09T20:37:35.142] [DEBUG] cheese - login => username:admin,password:123456
[2022-04-09T20:37:35.164] [DEBUG] cheese - admin
[2022-04-09T20:37:35.213] [DEBUG] cheese - null
[2022-04-09T20:37:35.216] [DEBUG] cheese - null
[2022-04-11T20:15:02.457] [DEBUG] cheese - login => username:admin,password:123456
[2022-04-11T20:15:02.458] [DEBUG] cheese - admin
[2022-04-11T20:15:02.474] [DEBUG] cheese - null
[2022-04-11T20:15:02.474] [DEBUG] cheese - null
[2022-04-11T20:17:17.900] [DEBUG] cheese - login => username:123,password:123456
[2022-04-11T20:17:17.900] [DEBUG] cheese - 123
[2022-04-11T20:17:17.906] [DEBUG] cheese - null
[2022-04-11T20:17:17.906] [DEBUG] cheese - null
[2022-04-11T20:17:25.328] [DEBUG] cheese - login => username:admin,password:123456
[2022-04-11T20:17:25.328] [DEBUG] cheese - admin
[2022-04-11T20:17:25.330] [DEBUG] cheese - null
[2022-04-11T20:17:25.330] [DEBUG] cheese - null
[2022-04-11T20:19:15.900] [DEBUG] cheese - login => username:admin,password:123456
[2022-04-11T20:19:15.900] [DEBUG] cheese - admin
[2022-04-11T20:19:15.902] [DEBUG] cheese - null
[2022-04-11T20:19:15.902] [DEBUG] cheese - null
[2022-04-11T20:25:49.633] [DEBUG] cheese - login => username:admin,password:123456
[2022-04-11T20:25:49.633] [DEBUG] cheese - admin
[2022-04-11T20:25:49.638] [DEBUG] cheese - null
[2022-04-11T20:25:49.638] [DEBUG] cheese - null
[2022-04-11T20:26:01.913] [DEBUG] cheese - login => username:123,password:123456
[2022-04-11T20:26:01.913] [DEBUG] cheese - 123
[2022-04-11T20:26:01.914] [DEBUG] cheese - null
[2022-04-11T20:26:01.915] [DEBUG] cheese - null
[2022-04-11T20:27:24.987] [DEBUG] cheese - login => username:123,password:123456
[2022-04-11T20:27:24.987] [DEBUG] cheese - 123
[2022-04-11T20:27:24.988] [DEBUG] cheese - null
[2022-04-11T20:27:24.988] [DEBUG] cheese - null
[2022-04-11T20:34:55.554] [DEBUG] cheese - login => username:123,password:123456
[2022-04-11T20:34:55.554] [DEBUG] cheese - 123
[2022-04-11T20:34:55.559] [DEBUG] cheese - null
[2022-04-11T20:34:55.559] [DEBUG] cheese - null
[2022-04-11T20:39:00.248] [DEBUG] cheese - login => username:123,password:123456
[2022-04-11T20:39:00.248] [DEBUG] cheese - 123
[2022-04-11T20:39:00.252] [DEBUG] cheese - null
[2022-04-11T20:39:00.252] [DEBUG] cheese - null
[2022-04-11T20:41:10.306] [DEBUG] cheese - login => username:123,password:123456
[2022-04-11T20:41:10.306] [DEBUG] cheese - 123
[2022-04-11T20:41:10.310] [DEBUG] cheese - null
[2022-04-11T20:41:10.310] [DEBUG] cheese - null
[2022-04-11T20:44:57.099] [DEBUG] cheese - login => username:123,password:123456
[2022-04-11T20:44:57.099] [DEBUG] cheese - 123
[2022-04-11T20:44:57.103] [DEBUG] cheese - null
[2022-04-11T20:44:57.103] [DEBUG] cheese - null
[2022-04-11T20:45:02.823] [DEBUG] cheese - login => username:admin,password:123456
[2022-04-11T20:45:02.823] [DEBUG] cheese - admin
[2022-04-11T20:45:02.825] [DEBUG] cheese - null
[2022-04-11T20:45:02.825] [DEBUG] cheese - null
[2022-04-11T20:46:41.819] [DEBUG] cheese - login => username:admin,password:123456
[2022-04-11T20:46:41.819] [DEBUG] cheese - admin
[2022-04-11T20:46:41.821] [DEBUG] cheese - null
[2022-04-11T20:46:41.821] [DEBUG] cheese - null
[2022-04-11T20:47:47.419] [DEBUG] cheese - login => username:123,password:123456
[2022-04-11T20:47:47.419] [DEBUG] cheese - 123
[2022-04-11T20:47:47.420] [DEBUG] cheese - null
[2022-04-11T20:47:47.420] [DEBUG] cheese - null
[2022-04-11T20:47:52.454] [DEBUG] cheese - login => username:admin,password:123456
[2022-04-11T20:47:52.454] [DEBUG] cheese - admin
[2022-04-11T20:47:52.455] [DEBUG] cheese - null
[2022-04-11T20:47:52.455] [DEBUG] cheese - null
[2022-04-11T21:04:05.335] [DEBUG] cheese - login => username:admin,password:123456
[2022-04-11T21:04:05.335] [DEBUG] cheese - admin
[2022-04-11T21:04:05.340] [DEBUG] cheese - null
[2022-04-11T21:04:05.340] [DEBUG] cheese - null
[2022-04-11T21:06:45.082] [DEBUG] cheese - login => username:admin,password:123456
[2022-04-11T21:06:45.082] [DEBUG] cheese - admin
[2022-04-11T21:06:45.086] [DEBUG] cheese - null
[2022-04-11T21:06:45.086] [DEBUG] cheese - null
[2022-04-11T21:09:17.493] [DEBUG] cheese - login => username:admin,password:123456
[2022-04-11T21:09:17.493] [DEBUG] cheese - admin
[2022-04-11T21:09:17.498] [DEBUG] cheese - null
[2022-04-11T21:09:17.498] [DEBUG] cheese - null
[2022-04-11T21:21:51.466] [DEBUG] cheese - login => username:admin,password:123456
[2022-04-11T21:21:51.466] [DEBUG] cheese - admin
[2022-04-11T21:21:51.472] [DEBUG] cheese - null
[2022-04-11T21:21:51.472] [DEBUG] cheese - null
[2022-04-11T21:33:42.867] [DEBUG] cheese - login => username:123,password:123456
[2022-04-11T21:33:42.867] [DEBUG] cheese - 123
[2022-04-11T21:33:42.872] [DEBUG] cheese - null
[2022-04-11T21:33:42.872] [DEBUG] cheese - null
[2022-04-11T21:33:49.769] [DEBUG] cheese - login => username:admin,password:123456
[2022-04-11T21:33:49.769] [DEBUG] cheese - admin
[2022-04-11T21:33:49.770] [DEBUG] cheese - null
[2022-04-11T21:33:49.771] [DEBUG] cheese - null
[2022-04-11T21:34:06.572] [DEBUG] cheese - login => username:admin,password:123456
[2022-04-11T21:34:06.572] [DEBUG] cheese - admin
[2022-04-11T21:34:06.573] [DEBUG] cheese - null
[2022-04-11T21:34:06.573] [DEBUG] cheese - null
[2022-04-11T21:34:20.441] [DEBUG] cheese - login => username:123,password:123456
[2022-04-11T21:34:20.441] [DEBUG] cheese - 123
[2022-04-11T21:34:20.442] [DEBUG] cheese - null
[2022-04-11T21:34:20.442] [DEBUG] cheese - null
[2022-04-13T13:03:03.852] [DEBUG] cheese - login => username:admin,password:123456
[2022-04-13T13:03:03.853] [DEBUG] cheese - admin
[2022-04-13T13:03:03.866] [DEBUG] cheese - null
[2022-04-13T13:03:03.867] [DEBUG] cheese - null
[2022-04-13T13:03:17.870] [DEBUG] cheese - login => username:admin,password:123456
[2022-04-13T13:03:17.871] [DEBUG] cheese - admin
[2022-04-13T13:03:17.875] [DEBUG] cheese - null
[2022-04-13T13:03:17.876] [DEBUG] cheese - null
[2022-04-13T18:45:37.103] [DEBUG] cheese - login => username:admin,password:123456
[2022-04-13T18:45:37.108] [DEBUG] cheese - admin
[2022-04-13T18:45:37.163] [DEBUG] cheese - null
[2022-04-13T18:45:37.164] [DEBUG] cheese - null
[2022-04-13T18:46:15.791] [DEBUG] cheese - login => username:admin,password:123456
[2022-04-13T18:46:15.791] [DEBUG] cheese - admin
[2022-04-13T18:46:15.794] [DEBUG] cheese - null
[2022-04-13T18:46:15.795] [DEBUG] cheese - null
[2022-04-13T18:46:51.345] [DEBUG] cheese - login => username:admin,password:123456
[2022-04-13T18:46:51.346] [DEBUG] cheese - admin
[2022-04-13T18:46:51.351] [DEBUG] cheese - null
[2022-04-13T18:46:51.352] [DEBUG] cheese - null
[2022-04-13T20:07:48.873] [DEBUG] cheese - login => username:admin,password:123456
[2022-04-13T20:07:48.874] [DEBUG] cheese - admin
[2022-04-13T20:07:48.889] [DEBUG] cheese - null
[2022-04-13T20:07:48.890] [DEBUG] cheese - null
[2022-04-13T20:09:24.480] [DEBUG] cheese - login => username:admin,password:123456
[2022-04-13T20:09:24.480] [DEBUG] cheese - admin
[2022-04-13T20:09:24.483] [DEBUG] cheese - null
[2022-04-13T20:09:24.483] [DEBUG] cheese - null
[2022-04-13T22:19:13.817] [DEBUG] cheese - login => username:admin,password:123456
[2022-04-13T22:19:13.818] [DEBUG] cheese - admin
[2022-04-13T22:19:13.827] [DEBUG] cheese - null
[2022-04-13T22:19:13.827] [DEBUG] cheese - null
[2022-04-13T22:37:24.767] [DEBUG] cheese - login => username:admin,password:123456
[2022-04-13T22:37:24.767] [DEBUG] cheese - admin
[2022-04-13T22:37:24.771] [DEBUG] cheese - null
[2022-04-13T22:37:24.771] [DEBUG] cheese - null
[2022-04-14T16:32:19.653] [DEBUG] cheese - login => username:admin,password:123456
[2022-04-14T16:32:19.654] [DEBUG] cheese - admin
[2022-04-14T16:32:19.670] [DEBUG] cheese - null
[2022-04-14T16:32:19.670] [DEBUG] cheese - null
[2022-04-14T21:18:23.637] [DEBUG] cheese - login => username:admin,password:123456
[2022-04-14T21:18:23.638] [DEBUG] cheese - admin
[2022-04-14T21:18:23.642] [DEBUG] cheese - null
[2022-04-14T21:18:23.642] [DEBUG] cheese - null
[2022-04-14T21:19:06.137] [DEBUG] cheese - login => username:admin,password:123456
[2022-04-14T21:19:06.138] [DEBUG] cheese - admin
[2022-04-14T21:19:06.141] [DEBUG] cheese - null
[2022-04-14T21:19:06.142] [DEBUG] cheese - null
[2022-04-14T21:19:43.312] [DEBUG] cheese - login => username:admin,password:123456
[2022-04-14T21:19:43.313] [DEBUG] cheese - admin
[2022-04-14T21:19:43.316] [DEBUG] cheese - null
[2022-04-14T21:19:43.316] [DEBUG] cheese - null
[2022-04-14T21:20:36.942] [DEBUG] cheese - login => username:admin,password:123456
[2022-04-14T21:20:36.942] [DEBUG] cheese - admin
[2022-04-14T21:20:36.951] [DEBUG] cheese - null
[2022-04-14T21:20:36.951] [DEBUG] cheese - null
[2022-04-14T21:21:37.834] [DEBUG] cheese - login => username:admin,password:123456
[2022-04-14T21:21:37.834] [DEBUG] cheese - admin
[2022-04-14T21:21:37.837] [DEBUG] cheese - null
[2022-04-14T21:21:37.837] [DEBUG] cheese - null
[2022-04-14T21:25:48.012] [DEBUG] cheese - login => username:admin,password:123456
[2022-04-14T21:25:48.012] [DEBUG] cheese - admin
[2022-04-14T21:25:48.029] [DEBUG] cheese - null
[2022-04-14T21:25:48.030] [DEBUG] cheese - null
[2022-04-14T22:01:51.473] [DEBUG] cheese - login => username:admin,password:123456
[2022-04-14T22:01:51.474] [DEBUG] cheese - admin
[2022-04-14T22:01:51.487] [DEBUG] cheese - null
[2022-04-14T22:01:51.488] [DEBUG] cheese - null
[2022-04-14T22:03:34.653] [DEBUG] cheese - login => username:admin,password:123456
[2022-04-14T22:03:34.653] [DEBUG] cheese - admin
[2022-04-14T22:03:34.655] [DEBUG] cheese - null
[2022-04-14T22:03:34.655] [DEBUG] cheese - null
[2022-04-15T09:36:18.040] [DEBUG] cheese - login => username:admin,password:123456
[2022-04-15T09:36:18.044] [DEBUG] cheese - admin
[2022-04-15T09:36:18.073] [DEBUG] cheese - null
[2022-04-15T09:36:18.075] [DEBUG] cheese - null
[2022-04-15T15:38:55.816] [DEBUG] cheese - login => username:admin,password:123456
[2022-04-15T15:38:55.817] [DEBUG] cheese - admin
[2022-04-15T15:38:55.825] [DEBUG] cheese - null
[2022-04-15T15:38:55.825] [DEBUG] cheese - null
[2022-04-15T21:01:18.730] [DEBUG] cheese - login => username:admin,password:123456
[2022-04-15T21:01:18.731] [DEBUG] cheese - admin
[2022-04-15T21:01:18.744] [DEBUG] cheese - null
[2022-04-15T21:01:18.745] [DEBUG] cheese - null
[2022-04-15T21:11:37.990] [DEBUG] cheese - login => username:admin,password:123456
[2022-04-15T21:11:37.990] [DEBUG] cheese - admin
[2022-04-15T21:11:37.993] [DEBUG] cheese - null
[2022-04-15T21:11:37.993] [DEBUG] cheese - null
[2022-04-16T09:11:44.525] [DEBUG] cheese - login => username:admin,password:123456
[2022-04-16T09:11:44.527] [DEBUG] cheese - admin
[2022-04-16T09:11:44.552] [DEBUG] cheese - null
[2022-04-16T09:11:44.553] [DEBUG] cheese - null
[2022-04-16T15:10:13.883] [DEBUG] cheese - null
[2022-04-16T15:13:26.962] [DEBUG] cheese - null
[2022-04-16T15:13:34.900] [DEBUG] cheese - null
[2022-04-16T15:13:35.709] [DEBUG] cheese - null
[2022-04-16T15:13:35.865] [DEBUG] cheese - null
[2022-04-16T15:13:36.130] [DEBUG] cheese - null
[2022-04-16T15:13:36.289] [DEBUG] cheese - null
[2022-04-16T15:13:37.971] [DEBUG] cheese - null
[2022-04-16T15:15:16.246] [DEBUG] cheese - null
[2022-04-16T15:21:54.491] [DEBUG] cheese - null
[2022-04-16T15:24:58.245] [DEBUG] cheese - null
[2022-04-16T15:25:06.108] [DEBUG] cheese - null
[2022-04-16T15:25:58.503] [DEBUG] cheese - login => username:admin,password:123456
[2022-04-16T15:25:58.508] [DEBUG] cheese - admin
[2022-04-16T15:25:58.542] [DEBUG] cheese - null
[2022-04-16T15:25:58.543] [DEBUG] cheese - null
[2022-04-16T15:26:09.389] [DEBUG] cheese - null
[2022-04-16T15:26:32.082] [DEBUG] cheese - login => username:admin,password:123456
[2022-04-16T15:26:32.084] [DEBUG] cheese - admin
[2022-04-16T15:26:32.099] [DEBUG] cheese - null
[2022-04-16T15:26:32.100] [DEBUG] cheese - null
[2022-04-16T16:48:50.394] [DEBUG] cheese - null
[2022-04-16T16:51:43.718] [DEBUG] cheese - null
[2022-04-16T16:52:18.237] [DEBUG] cheese - null
[2022-04-16T21:07:32.833] [DEBUG] cheese - login => username:admin,password:123456
[2022-04-16T21:07:32.833] [DEBUG] cheese - admin
[2022-04-16T21:07:32.843] [DEBUG] cheese - null
[2022-04-16T21:07:32.843] [DEBUG] cheese - null
[2022-04-18T19:21:30.823] [DEBUG] cheese - login => username:admin,password:123456
[2022-04-18T19:21:30.825] [DEBUG] cheese - admin
[2022-04-18T19:21:30.839] [DEBUG] cheese - null
[2022-04-18T19:21:30.839] [DEBUG] cheese - null
[2022-04-18T19:23:38.553] [DEBUG] cheese - login => username:admin,password:123456
[2022-04-18T19:23:38.553] [DEBUG] cheese - admin
[2022-04-18T19:23:38.555] [DEBUG] cheese - null
[2022-04-18T19:23:38.555] [DEBUG] cheese - null
[2022-04-18T19:27:23.035] [DEBUG] cheese - login => username:admin,password:123456
[2022-04-18T19:27:23.035] [DEBUG] cheese - admin
[2022-04-18T19:27:23.038] [DEBUG] cheese - null
[2022-04-18T19:27:23.039] [DEBUG] cheese - null
[2022-04-18T20:02:57.078] [DEBUG] cheese - login => username:admin,password:123456
[2022-04-18T20:02:57.081] [DEBUG] cheese - admin
[2022-04-18T20:02:57.095] [DEBUG] cheese - null
[2022-04-18T20:02:57.096] [DEBUG] cheese - null
[2022-04-18T20:17:07.462] [DEBUG] cheese - login => username:admin,password:123456
[2022-04-18T20:17:07.465] [DEBUG] cheese - admin
[2022-04-18T20:17:07.486] [DEBUG] cheese - null
[2022-04-18T20:17:07.487] [DEBUG] cheese - null
[2022-04-18T21:07:36.476] [DEBUG] cheese - login => username:admin,password:123456
[2022-04-18T21:07:36.479] [DEBUG] cheese - admin
[2022-04-18T21:07:36.497] [DEBUG] cheese - null
[2022-04-18T21:07:36.498] [DEBUG] cheese - null
[2022-04-19T14:48:22.683] [DEBUG] cheese - login => username:admin,password:123456
[2022-04-19T14:48:22.688] [DEBUG] cheese - admin
[2022-04-19T14:48:22.728] [DEBUG] cheese - null
[2022-04-19T14:48:22.729] [DEBUG] cheese - null
[2022-04-19T16:12:20.757] [DEBUG] cheese - login => username:admin,password:123456
[2022-04-19T16:12:20.759] [DEBUG] cheese - admin
[2022-04-19T16:12:20.764] [DEBUG] cheese - null
[2022-04-19T16:12:20.764] [DEBUG] cheese - null
[2022-04-20T16:44:13.704] [DEBUG] cheese - login => username:admin,password:123456
[2022-04-20T16:44:13.705] [DEBUG] cheese - admin
[2022-04-20T16:44:13.718] [DEBUG] cheese - null
[2022-04-20T16:44:13.718] [DEBUG] cheese - null
[2022-04-21T09:49:55.811] [DEBUG] cheese - login => username:admin,password:123456
[2022-04-21T09:49:55.815] [DEBUG] cheese - admin
[2022-04-21T09:49:55.894] [DEBUG] cheese - null
[2022-04-21T09:49:55.896] [DEBUG] cheese - null
[2022-04-22T18:46:47.081] [DEBUG] cheese - login => username:admin,password:123456
[2022-04-22T18:46:47.085] [DEBUG] cheese - admin
[2022-04-22T18:46:47.125] [DEBUG] cheese - null
[2022-04-22T18:46:47.126] [DEBUG] cheese - null
[2022-04-23T08:51:25.655] [DEBUG] cheese - login => username:admin,password:123456
[2022-04-23T08:51:25.658] [DEBUG] cheese - admin
[2022-04-23T08:51:25.702] [DEBUG] cheese - null
[2022-04-23T08:51:25.703] [DEBUG] cheese - null
[2022-04-23T14:41:49.180] [DEBUG] cheese - login => username:admin,password:123456
[2022-04-23T14:41:49.184] [DEBUG] cheese - admin
[2022-04-23T14:41:49.196] [DEBUG] cheese - null
[2022-04-23T14:41:49.197] [DEBUG] cheese - null
[2022-04-25T09:41:05.143] [DEBUG] cheese - login => username:admin,password:123456
[2022-04-25T09:41:05.144] [DEBUG] cheese - admin
[2022-04-25T09:41:05.389] [DEBUG] cheese - null
[2022-04-25T09:41:05.390] [DEBUG] cheese - null
[2022-04-25T10:21:51.578] [DEBUG] cheese - null
[2022-04-25T10:25:05.257] [DEBUG] cheese - null
[2022-04-25T19:13:29.768] [DEBUG] cheese - login => username:admin,password:123456
[2022-04-25T19:13:29.769] [DEBUG] cheese - admin
[2022-04-25T19:13:29.784] [DEBUG] cheese - null
[2022-04-25T19:13:29.784] [DEBUG] cheese - null
[2022-04-25T19:45:13.549] [DEBUG] cheese - null
[2022-04-25T19:46:11.281] [DEBUG] cheese - null
[2022-04-25T19:46:22.170] [DEBUG] cheese - null
[2022-04-25T19:46:38.918] [DEBUG] cheese - null
[2022-04-25T19:47:14.288] [DEBUG] cheese - null
[2022-04-25T19:47:36.459] [DEBUG] cheese - null
[2022-04-26T18:38:41.291] [DEBUG] cheese - login => username:admin,password:123456
[2022-04-26T18:38:41.295] [DEBUG] cheese - admin
[2022-04-26T18:38:41.371] [DEBUG] cheese - null
[2022-04-26T18:38:41.373] [DEBUG] cheese - null
[2022-04-26T19:19:56.240] [DEBUG] cheese - login => username:admin,password:123456
[2022-04-26T19:19:56.243] [DEBUG] cheese - admin
[2022-04-26T19:19:56.255] [DEBUG] cheese - null
[2022-04-26T19:19:56.256] [DEBUG] cheese - null
[2022-04-26T22:45:45.025] [DEBUG] cheese - login => username:admin,password:123456
[2022-04-26T22:45:45.027] [DEBUG] cheese - admin
[2022-04-26T22:45:45.031] [DEBUG] cheese - null
[2022-04-26T22:45:45.031] [DEBUG] cheese - null
[2022-04-26T22:47:13.643] [DEBUG] cheese - login => username:admin,password:123456
[2022-04-26T22:47:13.643] [DEBUG] cheese - admin
[2022-04-26T22:47:13.645] [DEBUG] cheese - null
[2022-04-26T22:47:13.645] [DEBUG] cheese - null
[2022-04-27T20:20:38.558] [DEBUG] cheese - login => username:admin,password:123456
[2022-04-27T20:20:38.559] [DEBUG] cheese - admin
[2022-04-27T20:20:38.573] [DEBUG] cheese - null
[2022-04-27T20:20:38.573] [DEBUG] cheese - null
[2022-04-27T22:01:41.582] [DEBUG] cheese - login => username:admin,password:123456
[2022-04-27T22:01:41.583] [DEBUG] cheese - admin
[2022-04-27T22:01:41.597] [DEBUG] cheese - null
[2022-04-27T22:01:41.598] [DEBUG] cheese - null
[2022-04-27T22:07:34.180] [DEBUG] cheese - login => username:admin,password:123456
[2022-04-27T22:07:34.180] [DEBUG] cheese - admin
[2022-04-27T22:07:34.185] [DEBUG] cheese - null
[2022-04-27T22:07:34.185] [DEBUG] cheese - null
[2022-04-27T22:09:44.708] [DEBUG] cheese - login => username:admin,password:123456
[2022-04-27T22:09:44.708] [DEBUG] cheese - admin
[2022-04-27T22:09:44.712] [DEBUG] cheese - null
[2022-04-27T22:09:44.712] [DEBUG] cheese - null
[2022-04-27T23:04:04.208] [DEBUG] cheese - login => username:admin,password:123456
[2022-04-27T23:04:04.209] [DEBUG] cheese - admin
[2022-04-27T23:04:04.215] [DEBUG] cheese - null
[2022-04-27T23:04:04.215] [DEBUG] cheese - null
[2022-04-27T23:04:47.317] [DEBUG] cheese - login => username:admin,password:123456
[2022-04-27T23:04:47.317] [DEBUG] cheese - admin
[2022-04-27T23:04:47.319] [DEBUG] cheese - null
[2022-04-27T23:04:47.319] [DEBUG] cheese - null
